============================
JSON: {"station_id":"estación 1","sensor_name":"temperature","time":"21/01/31,03:32:19+04","sensor_val":"255"}
GET:  Array(    [pw] => 1AeIoU!9)
POST: Array()
IP:   31.221.194.77
31-01-2021 03:32:21
============================
JSON: {"station_id":"estación 1","sensor_name":"co2","time":"21/01/31,03:32:19+04","sensor_val":"63"}
GET:  Array(    [pw] => 1AeIoU!9)
POST: Array()
IP:   31.221.194.77
31-01-2021 03:32:25
============================
JSON: {"station_id":"estación 1","sensor_name":"co2","time":"21/01/31,03:34:02+04","sensor_val":"65"}
GET:  Array(    [pw] => 1AeIoU!9)
POST: Array()
IP:   31.221.142.152
31-01-2021 03:34:09
============================
JSON: {"station_id":"estación 1","sensor_name":"co2","time":"21/01/31,12:40:31+04","sensor_val":"67"}
GET:  Array(    [pw] => 1AeIoU!9)
POST: Array()
IP:   46.222.60.186
31-01-2021 12:40:40
============================
JSON: {"station_id":"estación 1","sensor_name":"co2","time":"21/01/31,12:50:46+04","sensor_val":"65"}
GET:  Array(    [pw] => 1AeIoU!9)
POST: Array()
IP:   46.222.60.186
31-01-2021 12:50:55
============================
JSON: {"station_id":"estación 1","sensor_name":"co2","time":"21/01/31,12:51:52+04","sensor_val":"65"}
GET:  Array(    [pw] => 1AeIoU!9)
POST: Array()
IP:   46.222.60.186
31-01-2021 12:52:01
============================
JSON: {"station_id":"estación 1","sensor_name":"co2","time":"21/01/31,12:56:18+04","sensor_val":"65"}
GET:  Array(    [pw] => 1AeIoU!9)
POST: Array()
IP:   46.222.60.186
31-01-2021 12:56:27
============================
JSON: {"station_id":"estación 1","sensor_name":"co2","time":"21/01/31,13:06:33+04","sensor_val":"65"}
GET:  Array(    [pw] => 1AeIoU!9)
POST: Array()
IP:   46.222.60.186
31-01-2021 13:06:42
============================
JSON: {"station_id":"estación 1","sensor_name":"co2","time":"21/01/31,13:16:49+04","sensor_val":"66"}
GET:  Array(    [pw] => 1AeIoU!9)
POST: Array()
IP:   46.222.60.186
31-01-2021 13:16:58
============================
JSON: {"station_id":"estación 1","sensor_name":"temperature","time":"21/01/31,14:02:08+04","sensor_val":"255"}
GET:  Array(    [pw] => 1AeIoU!9)
POST: Array()
IP:   37.29.145.148
31-01-2021 14:02:15
============================
JSON: {"station_id":"estación 1","sensor_name":"co2","time":"21/01/31,14:02:08+04","sensor_val":"64"}
GET:  Array(    [pw] => 1AeIoU!9)
POST: Array()
IP:   37.29.145.148
31-01-2021 14:02:21
============================
JSON: {"station_id":"estación 1","time":"21/01/31,14:02:08+04","battery":"82"}
GET:  Array(    [pw] => 1AeIoU!9)
POST: Array()
IP:   37.29.145.148
31-01-2021 14:02:27
============================
JSON: {"station_id":"estación 1","sensor_name":"co2","time":"21/01/31,14:12:34+04","sensor_val":"65"}
GET:  Array(    [pw] => 1AeIoU!9)
POST: Array()
IP:   37.29.145.148
31-01-2021 14:12:44
============================
JSON: {"station_id":"estación 1","sensor_name":"co2","time":"21/01/31,14:19:46+04","sensor_val":"65"}
GET:  Array(    [pw] => 1AeIoU!9)
POST: Array()
IP:   37.29.145.148
31-01-2021 14:19:57
============================
JSON: {"station_id":"estación 1","sensor_name":"co2","time":"21/01/31,14:26:59+04","sensor_val":"65"}
GET:  Array(    [pw] => 1AeIoU!9)
POST: Array()
IP:   37.29.145.148
31-01-2021 14:27:45
============================
JSON: {"station_id":"estación 1","sensor_name":"co2","time":"21/01/31,14:28:23+04","sensor_val":"65"}
GET:  Array(    [pw] => 1AeIoU!9)
POST: Array()
IP:   37.29.145.148
31-01-2021 14:29:08
============================
JSON: {"station_id":"estación 1","sensor_name":"co2","time":"21/01/31,14:31:34+04","sensor_val":"65"}
GET:  Array(    [pw] => 1AeIoU!9)
POST: Array()
IP:   37.29.145.148
31-01-2021 14:32:13
============================
JSON: {"station_id":"estación 1","sensor_name":"temperature","time":"21/01/31,14:41:26+04","sensor_val":"255"}
GET:  Array(    [pw] => 1AeIoU!9)
POST: Array()
IP:   37.29.145.148
31-01-2021 14:41:31
============================
JSON: {"station_id":"estación 1","sensor_name":"co2","time":"21/01/31,14:41:26+04","sensor_val":"64"}
GET:  Array(    [pw] => 1AeIoU!9)
POST: Array()
IP:   37.29.145.148
31-01-2021 14:41:41
============================
JSON: {"station_id":"estación 1","time":"21/01/31,14:41:26+04","battery":"78"}
GET:  Array(    [pw] => 1AeIoU!9)
POST: Array()
IP:   37.29.145.148
31-01-2021 14:41:50
============================
JSON: {"station_id":"estación 1","sensor_name":"temperature","time":"21/01/31,14:51:58+04","sensor_val":"255"}
GET:  Array(    [pw] => 1AeIoU!9)
POST: Array()
IP:   37.29.145.148
31-01-2021 14:52:03
============================
JSON: {"station_id":"estación 1","sensor_name":"co2","time":"21/01/31,14:51:58+04","sensor_val":"64"}
GET:  Array(    [pw] => 1AeIoU!9)
POST: Array()
IP:   37.29.145.148
31-01-2021 14:52:13
============================
JSON: {"station_id":"estación 1","time":"21/01/31,14:51:58+04","battery":"84"}
GET:  Array(    [pw] => 1AeIoU!9)
POST: Array()
IP:   37.29.145.148
31-01-2021 14:52:22
============================
JSON: {"station_id":"estación 1","sensor_name":"temperature","time":"21/01/31,15:02:31+04","sensor_val":"255"}
GET:  Array(    [pw] => 1AeIoU!9)
POST: Array()
IP:   37.29.145.148
31-01-2021 15:02:35
============================
JSON: {"station_id":"estación 1","sensor_name":"co2","time":"21/01/31,15:02:31+04","sensor_val":"64"}
GET:  Array(    [pw] => 1AeIoU!9)
POST: Array()
IP:   37.29.145.148
31-01-2021 15:02:45
============================
JSON: {"station_id":"estación 1","time":"21/01/31,15:02:31+04","battery":"43"}
GET:  Array(    [pw] => 1AeIoU!9)
POST: Array()
IP:   37.29.145.148
31-01-2021 15:02:55
============================
JSON: {"station_id":"estación 1","sensor_name":"temperature","time":"21/01/31,15:13:04+04","sensor_val":"255"}
GET:  Array(    [pw] => 1AeIoU!9)
POST: Array()
IP:   37.29.145.148
31-01-2021 15:13:08
============================
JSON: {"station_id":"estación 1","sensor_name":"co2","time":"21/01/31,15:13:04+04","sensor_val":"66"}
GET:  Array(    [pw] => 1AeIoU!9)
POST: Array()
IP:   37.29.145.148
31-01-2021 15:13:18
============================
JSON: {"station_id":"estación 1","time":"21/01/31,15:13:04+04","battery":"83"}
GET:  Array(    [pw] => 1AeIoU!9)
POST: Array()
IP:   37.29.145.148
31-01-2021 15:13:28
============================
JSON: {"station_id":"estación 1","sensor_name":"temperature","time":"21/01/31,15:23:36+04","sensor_val":"255"}
GET:  Array(    [pw] => 1AeIoU!9)
POST: Array()
IP:   37.29.145.148
31-01-2021 15:23:40
============================
JSON: {"station_id":"estación 1","sensor_name":"co2","time":"21/01/31,15:23:36+04","sensor_val":"65"}
GET:  Array(    [pw] => 1AeIoU!9)
POST: Array()
IP:   37.29.145.148
31-01-2021 15:23:51
============================
JSON: {"station_id":"estación 1","time":"21/01/31,15:23:36+04","battery":"55"}
GET:  Array(    [pw] => 1AeIoU!9)
POST: Array()
IP:   37.29.145.148
31-01-2021 15:24:01
